<?xml version="1.0" encoding="UTF-8"?>
<testng-results ignored="0" total="2" passed="2" failed="0" skipped="0">
  <reporter-output>
  </reporter-output>
  <suite started-at="2019-08-07T21:57:52Z" name="Default suite" finished-at="2019-08-07T21:59:20Z" duration-ms="87378">
    <groups>
    </groups>
    <test started-at="2019-08-07T21:57:52Z" name="Default test" finished-at="2019-08-07T21:59:20Z" duration-ms="87378">
      <class name="Test.E2EJohnLewisNavigation">
        <test-method is-config="true" signature="intializedriver()[pri:0, instance:Test.E2EJohnLewisNavigation@4d1c00d0]" started-at="2019-08-07T21:57:52Z" name="intializedriver" finished-at="2019-08-07T21:58:01Z" duration-ms="8182" status="PASS">
          <reporter-output>
          </reporter-output>
        </test-method> <!-- intializedriver -->
        <test-method signature="VerifyHomePage()[pri:0, instance:Test.E2EJohnLewisNavigation@4d1c00d0]" started-at="2019-08-07T21:58:01Z" name="VerifyHomePage" finished-at="2019-08-07T21:59:12Z" duration-ms="71774" status="PASS">
          <reporter-output>
          </reporter-output>
        </test-method> <!-- VerifyHomePage -->
        <test-method signature="verifyReviewPage()[pri:0, instance:Test.E2EJohnLewisNavigation@4d1c00d0]" started-at="2019-08-07T21:59:12Z" name="verifyReviewPage" finished-at="2019-08-07T21:59:15Z" duration-ms="2184" status="PASS">
          <reporter-output>
          </reporter-output>
        </test-method> <!-- verifyReviewPage -->
        <test-method is-config="true" signature="tearup()[pri:0, instance:Test.E2EJohnLewisNavigation@4d1c00d0]" started-at="2019-08-07T21:59:15Z" name="tearup" finished-at="2019-08-07T21:59:20Z" duration-ms="5219" status="PASS">
          <reporter-output>
          </reporter-output>
        </test-method> <!-- tearup -->
      </class> <!-- Test.E2EJohnLewisNavigation -->
    </test> <!-- Default test -->
  </suite> <!-- Default suite -->
</testng-results>
